0 info it worked if it ends with ok
1 verbose cli [ '/home/wy/.nvm/versions/node/v0.12.7/bin/node',
1 verbose cli   '/home/wy/.nvm/versions/node/v0.12.7/bin/npm',
1 verbose cli   'start' ]
2 info using npm@2.11.3
3 info using node@v0.12.7
4 verbose run-script [ 'prestart', 'start', 'poststart' ]
5 info prestart guessnumber@1.0.0
6 info start guessnumber@1.0.0
7 verbose unsafe-perm in lifecycle true
8 info guessnumber@1.0.0 Failed to exec start script
9 verbose stack Error: guessnumber@1.0.0 start: `node ./spec/compare-number-spec.js --use_strict`
9 verbose stack Exit status 1
9 verbose stack     at EventEmitter.<anonymous> (/home/wy/.nvm/versions/node/v0.12.7/lib/node_modules/npm/lib/utils/lifecycle.js:213:16)
9 verbose stack     at EventEmitter.emit (events.js:110:17)
9 verbose stack     at ChildProcess.<anonymous> (/home/wy/.nvm/versions/node/v0.12.7/lib/node_modules/npm/lib/utils/spawn.js:24:14)
9 verbose stack     at ChildProcess.emit (events.js:110:17)
9 verbose stack     at maybeClose (child_process.js:1015:16)
9 verbose stack     at Process.ChildProcess._handle.onexit (child_process.js:1087:5)
10 verbose pkgid guessnumber@1.0.0
11 verbose cwd /home/wy/practice/guess-number
12 error Linux 3.16.0-44-generic
13 error argv "/home/wy/.nvm/versions/node/v0.12.7/bin/node" "/home/wy/.nvm/versions/node/v0.12.7/bin/npm" "start"
14 error node v0.12.7
15 error npm  v2.11.3
16 error code ELIFECYCLE
17 error guessnumber@1.0.0 start: `node ./spec/compare-number-spec.js --use_strict`
17 error Exit status 1
18 error Failed at the guessnumber@1.0.0 start script 'node ./spec/compare-number-spec.js --use_strict'.
18 error This is most likely a problem with the guessnumber package,
18 error not with npm itself.
18 error Tell the author that this fails on your system:
18 error     node ./spec/compare-number-spec.js --use_strict
18 error You can get their info via:
18 error     npm owner ls guessnumber
18 error There is likely additional logging output above.
19 verbose exit [ 1, true ]
